        -:    0:Source:dominion.c
        -:    0:Graph:dominion.gcno
        -:    0:Data:dominion.gcda
        -:    0:Runs:3
        -:    0:Programs:1
        -:    1:#include "dominion.h"
        -:    2:#include "dominion_helpers.h"
        -:    3:#include "rngs.h"
        -:    4:#include <stdio.h>
        -:    5:#include <math.h>
        -:    6:#include <stdlib.h>
        -:    7:
function assert_true called 70976 returned 100% blocks executed 100%
        -:    8:int assert_true(int x){
    70976:    9:    if(x != 0){
branch  0 taken 9%
branch  1 taken 91%
        -:   10:        //printf("TEST FAILED\n");
     6679:   11:        return 1;
        -:   12:    }
    64297:   13:    return 0;
    70976:   14:}
        -:   15:
function compareInt called 70976 returned 100% blocks executed 100%
        -:   16:int compareInt(int a, int b) {
    70976:   17:    if (a > b)
branch  0 taken 7%
branch  1 taken 93%
     5035:   18:        return 1;
    65941:   19:    if (a < b)
branch  0 taken 2%
branch  1 taken 98%
     1644:   20:        return -1;
    64297:   21:    return 0;
    70976:   22:}
        -:   23:
function expectation called 6679 returned 100% blocks executed 100%
        -:   24:void expectation(int a, int b){
     6679:   25:    printf("TEST FAILED\n");
     6679:   26:    printf("Expected Value: %d, Actual Value: %d\n", a, b);
     6679:   27:}
        -:   28:
function compare called 125832 returned 100% blocks executed 85%
        -:   29:int compare(const void* a, const void* b) {
   125832:   30:  if (*(int*)a > *(int*)b)
branch  0 taken 0%
branch  1 taken 100%
    #####:   31:    return 1;
   125832:   32:  if (*(int*)a < *(int*)b)
branch  0 taken 36%
branch  1 taken 64%
    44940:   33:    return -1;
    80892:   34:  return 0;
   125832:   35:}
        -:   36:
function newGame called 0 returned 0% blocks executed 0%
        -:   37:struct gameState* newGame() {
    #####:   38:  struct gameState* g = malloc(sizeof(struct gameState));
    #####:   39:  return g;
        -:   40:}
        -:   41:
function kingdomCards called 0 returned 0% blocks executed 0%
        -:   42:int* kingdomCards(int k1, int k2, int k3, int k4, int k5, int k6, int k7,
        -:   43:		  int k8, int k9, int k10) {
    #####:   44:  int* k = malloc(10 * sizeof(int));
    #####:   45:  k[0] = k1;
    #####:   46:  k[1] = k2;
    #####:   47:  k[2] = k3;
    #####:   48:  k[3] = k4;
    #####:   49:  k[4] = k5;
    #####:   50:  k[5] = k6;
    #####:   51:  k[6] = k7;
    #####:   52:  k[7] = k8;
    #####:   53:  k[8] = k9;
    #####:   54:  k[9] = k10;
    #####:   55:  return k;
        -:   56:}
        -:   57:
function initializeGame called 3000 returned 100% blocks executed 95%
        -:   58:int initializeGame(int numPlayers, int kingdomCards[10], int randomSeed,
        -:   59:		   struct gameState *state) {
        -:   60:
        -:   61:  int i;
        -:   62:  int j;
        -:   63:  int it;			
        -:   64:  //set up random number generator
     3000:   65:  SelectStream(1);
     3000:   66:  PutSeed((long)randomSeed);
        -:   67:  
        -:   68:  //check number of players
     6000:   69:  if (numPlayers > MAX_PLAYERS || numPlayers < 2)
branch  0 taken 100%
branch  1 taken 0%
branch  2 taken 0%
branch  3 taken 100%
        -:   70:    {
    #####:   71:      return -1;
        -:   72:    }
        -:   73:
        -:   74:  //set number of players
     3000:   75:  state->numPlayers = numPlayers;
        -:   76:
        -:   77:  //check selected kingdom cards are different
    66000:   78:  for (i = 0; i < 10; i++)
branch  0 taken 91%
branch  1 taken 9%
        -:   79:    {
   660000:   80:      for (j = 0; j < 10; j++)
branch  0 taken 91%
branch  1 taken 9%
        -:   81:        {
   570000:   82:	  if (j != i && kingdomCards[j] == kingdomCards[i])
branch  0 taken 90%
branch  1 taken 10%
branch  2 taken 0%
branch  3 taken 100%
        -:   83:	    {
    #####:   84:	      return -1;
        -:   85:	    }
   300000:   86:        }
    30000:   87:    }
        -:   88:
        -:   89:
        -:   90:  //initialize supply
        -:   91:  ///////////////////////////////
        -:   92:
        -:   93:  //set number of Curse cards
     3000:   94:  if (numPlayers == 2)
branch  0 taken 32%
branch  1 taken 68%
        -:   95:    {
      974:   96:      state->supplyCount[curse] = 10;
      974:   97:    }
     2026:   98:  else if (numPlayers == 3)
branch  0 taken 53%
branch  1 taken 47%
        -:   99:    {
     1064:  100:      state->supplyCount[curse] = 20;
     1064:  101:    }
        -:  102:  else
        -:  103:    {
      962:  104:      state->supplyCount[curse] = 30;
        -:  105:    }
        -:  106:
        -:  107:  //set number of Victory cards
     3000:  108:  if (numPlayers == 2)
branch  0 taken 32%
branch  1 taken 68%
        -:  109:    {
      974:  110:      state->supplyCount[estate] = 8;
      974:  111:      state->supplyCount[duchy] = 8;
      974:  112:      state->supplyCount[province] = 8;
      974:  113:    }
        -:  114:  else
        -:  115:    {
     2026:  116:      state->supplyCount[estate] = 12;
     2026:  117:      state->supplyCount[duchy] = 12;
     2026:  118:      state->supplyCount[province] = 12;
        -:  119:    }
        -:  120:
        -:  121:  //set number of Treasure cards
     3000:  122:  state->supplyCount[copper] = 60 - (7 * numPlayers);
     3000:  123:  state->supplyCount[silver] = 40;
     3000:  124:  state->supplyCount[gold] = 30;
        -:  125:
        -:  126:  //set number of Kingdom cards
   126000:  127:  for (i = adventurer; i <= treasure_map; i++)       	//loop all cards
branch  0 taken 95%
branch  1 taken 5%
        -:  128:    {
   990000:  129:      for (j = 0; j < 10; j++)           		//loop chosen cards
branch  0 taken 94%
branch  1 taken 6%
        -:  130:	{
   465000:  131:	  if (kingdomCards[j] == i)
branch  0 taken 6%
branch  1 taken 94%
        -:  132:	    {
        -:  133:	      //check if card is a 'Victory' Kingdom card
    58627:  134:	      if (kingdomCards[j] == great_hall || kingdomCards[j] == gardens)
branch  0 taken 95%
branch  1 taken 5%
branch  2 taken 5%
branch  3 taken 95%
        -:  135:		{
     2819:  136:		  if (numPlayers == 2){ 
branch  0 taken 33%
branch  1 taken 67%
      928:  137:		    state->supplyCount[i] = 8; 
      928:  138:		  }
     1891:  139:		  else{ state->supplyCount[i] = 12; }
     2819:  140:		}
        -:  141:	      else
        -:  142:		{
    27181:  143:		  state->supplyCount[i] = 10;
        -:  144:		}
    30000:  145:	      break;
        -:  146:	    }
        -:  147:	  else    //card is not in the set choosen for the game
        -:  148:	    {
   435000:  149:	      state->supplyCount[i] = -1;
        -:  150:	    }
   435000:  151:	}
        -:  152:
    60000:  153:    }
        -:  154:
        -:  155:  ////////////////////////
        -:  156:  //supply intilization complete
        -:  157:
        -:  158:  //set player decks
    23976:  159:  for (i = 0; i < numPlayers; i++)
branch  0 taken 75%
branch  1 taken 25%
        -:  160:    {
     8988:  161:      state->deckCount[i] = 0;
    71904:  162:      for (j = 0; j < 3; j++)
branch  0 taken 75%
branch  1 taken 25%
        -:  163:	{
    26964:  164:	  state->deck[i][j] = estate;
    26964:  165:	  state->deckCount[i]++;
    26964:  166:	}
   143808:  167:      for (j = 3; j < 10; j++)
branch  0 taken 88%
branch  1 taken 13%
        -:  168:	{
    62916:  169:	  state->deck[i][j] = copper;
    62916:  170:	  state->deckCount[i]++;		
    62916:  171:	}
     8988:  172:    }
        -:  173:
        -:  174:  //shuffle player decks
    23976:  175:  for (i = 0; i < numPlayers; i++)
branch  0 taken 75%
branch  1 taken 25%
        -:  176:    {
     8988:  177:      if ( shuffle(i, state) < 0 )
branch  0 taken 0%
branch  1 taken 100%
        -:  178:	{
    #####:  179:	  return -1;
        -:  180:	}
     8988:  181:    }
        -:  182:
        -:  183:  //draw player hands
    23976:  184:  for (i = 0; i < numPlayers; i++)
branch  0 taken 75%
branch  1 taken 25%
        -:  185:    {  
        -:  186:      //initialize hand size to zero
     8988:  187:      state->handCount[i] = 0;
     8988:  188:      state->discardCount[i] = 0;
        -:  189:      //draw 5 cards
        -:  190:      // for (j = 0; j < 5; j++)
        -:  191:      //	{
        -:  192:      //	  drawCard(i, state);
        -:  193:      //	}
     8988:  194:    }
        -:  195:  
        -:  196:  //set embargo tokens to 0 for all supply piles
   168000:  197:  for (i = 0; i <= treasure_map; i++)
branch  0 taken 96%
branch  1 taken 4%
        -:  198:    {
    81000:  199:      state->embargoTokens[i] = 0;
    81000:  200:    }
        -:  201:
        -:  202:  //initialize first player's turn
     3000:  203:  state->outpostPlayed = 0;
     3000:  204:  state->phase = 0;
     3000:  205:  state->numActions = 1;
     3000:  206:  state->numBuys = 1;
     3000:  207:  state->playedCardCount = 0;
     3000:  208:  state->whoseTurn = 0;
     3000:  209:  state->handCount[state->whoseTurn] = 0;
        -:  210:  //int it; move to top
        -:  211:
        -:  212:  //Moved draw cards to here, only drawing at the start of a turn
    36000:  213:  for (it = 0; it < 5; it++){
branch  0 taken 83%
branch  1 taken 17%
    15000:  214:    drawCard(state->whoseTurn, state);
    15000:  215:  }
        -:  216:
     3000:  217:  updateCoins(state->whoseTurn, state, 0);
        -:  218:
     3000:  219:  return 0;
     3000:  220:}
        -:  221:
function shuffle called 11293 returned 100% blocks executed 100%
        -:  222:int shuffle(int player, struct gameState *state) {
        -:  223: 
        -:  224:
        -:  225:  int newDeck[MAX_DECK];
    11293:  226:  int newDeckPos = 0;
        -:  227:  int card;
        -:  228:  int i;
        -:  229:
    11293:  230:  if (state->deckCount[player] < 1)
branch  0 taken 20%
branch  1 taken 80%
     2305:  231:    return -1;
     8988:  232:  qsort ((void*)(state->deck[player]), state->deckCount[player], sizeof(int), compare); 
        -:  233:  /* SORT CARDS IN DECK TO ENSURE DETERMINISM! */
        -:  234:
   197736:  235:  while (state->deckCount[player] > 0) {
branch  0 taken 91%
branch  1 taken 9%
    89880:  236:    card = floor(Random() * state->deckCount[player]);
    89880:  237:    newDeck[newDeckPos] = state->deck[player][card];
    89880:  238:    newDeckPos++;
   611524:  239:    for (i = card; i < state->deckCount[player]-1; i++) {
branch  0 taken 71%
branch  1 taken 29%
   215882:  240:      state->deck[player][i] = state->deck[player][i+1];
   215882:  241:    }
    89880:  242:    state->deckCount[player]--;
        -:  243:  }
   197736:  244:  for (i = 0; i < newDeckPos; i++) {
branch  0 taken 91%
branch  1 taken 9%
    89880:  245:    state->deck[player][i] = newDeck[i];
    89880:  246:    state->deckCount[player]++;
    89880:  247:  }
        -:  248:
     8988:  249:  return 0;
    11293:  250:}
        -:  251:
function playCard called 0 returned 0% blocks executed 0%
        -:  252:int playCard(int handPos, int choice1, int choice2, int choice3, struct gameState *state) 
        -:  253:{	
        -:  254:  int card;
    #####:  255:  int coin_bonus = 0; 		//tracks coins gain from actions
        -:  256:
        -:  257:  //check if it is the right phase
    #####:  258:  if (state->phase != 0)
branch  0 never executed
branch  1 never executed
        -:  259:    {
    #####:  260:      return -1;
        -:  261:    }
        -:  262:	
        -:  263:  //check if player has enough actions
    #####:  264:  if ( state->numActions < 1 )
branch  0 never executed
branch  1 never executed
        -:  265:    {
    #####:  266:      return -1;
        -:  267:    }
        -:  268:	
        -:  269:  //get card played
    #####:  270:  card = handCard(handPos, state);
        -:  271:	
        -:  272:  //check if selected card is an action
    #####:  273:  if ( card < adventurer || card > treasure_map )
branch  0 never executed
branch  1 never executed
branch  2 never executed
branch  3 never executed
        -:  274:    {
    #####:  275:      return -1;
        -:  276:    }
        -:  277:	
        -:  278:  //play card
    #####:  279:  if ( cardEffect(card, choice1, choice2, choice3, state, handPos, &coin_bonus) < 0 )
branch  0 never executed
branch  1 never executed
        -:  280:    {
    #####:  281:      return -1;
        -:  282:    }
        -:  283:	
        -:  284:  //reduce number of actions
    #####:  285:  state->numActions--;
        -:  286:
        -:  287:  //update coins (Treasure cards may be added with card draws)
    #####:  288:  updateCoins(state->whoseTurn, state, coin_bonus);
        -:  289:	
    #####:  290:  return 0;
    #####:  291:}
        -:  292:
function buyCard called 0 returned 0% blocks executed 0%
        -:  293:int buyCard(int supplyPos, struct gameState *state) {
        -:  294:  int who;
        -:  295:  if (DEBUG){
        -:  296:    printf("Entering buyCard...\n");
        -:  297:  }
        -:  298:
        -:  299:  // I don't know what to do about the phase thing.
        -:  300:
    #####:  301:  who = state->whoseTurn;
        -:  302:
    #####:  303:  if (state->numBuys < 1){
branch  0 never executed
branch  1 never executed
        -:  304:    if (DEBUG)
        -:  305:      printf("You do not have any buys left\n");
    #####:  306:    return -1;
    #####:  307:  } else if (supplyCount(supplyPos, state) <1){
branch  0 never executed
branch  1 never executed
        -:  308:    if (DEBUG)
        -:  309:      printf("There are not any of that type of card left\n");
    #####:  310:    return -1;
    #####:  311:  } else if (state->coins < getCost(supplyPos)){
branch  0 never executed
branch  1 never executed
        -:  312:    if (DEBUG) 
        -:  313:      printf("You do not have enough money to buy that. You have %d coins.\n", state->coins);
    #####:  314:    return -1;
        -:  315:  } else {
    #####:  316:    state->phase=1;
        -:  317:    //state->supplyCount[supplyPos]--;
    #####:  318:    gainCard(supplyPos, state, 0, who); //card goes in discard, this might be wrong.. (2 means goes into hand, 0 goes into discard)
        -:  319:  
    #####:  320:    state->coins = (state->coins) - (getCost(supplyPos));
    #####:  321:    state->numBuys--;
        -:  322:    if (DEBUG)
        -:  323:      printf("You bought card number %d for %d coins. You now have %d buys and %d coins.\n", supplyPos, getCost(supplyPos), state->numBuys, state->coins);
        -:  324:  }
        -:  325:
        -:  326:  //state->discard[who][state->discardCount[who]] = supplyPos;
        -:  327:  //state->discardCount[who]++;
        -:  328:    
    #####:  329:  return 0;
    #####:  330:}
        -:  331:
function numHandCards called 0 returned 0% blocks executed 0%
        -:  332:int numHandCards(struct gameState *state) {
    #####:  333:  return state->handCount[ whoseTurn(state) ];
        -:  334:}
        -:  335:
function handCard called 0 returned 0% blocks executed 0%
        -:  336:int handCard(int handPos, struct gameState *state) {
    #####:  337:  int currentPlayer = whoseTurn(state);
    #####:  338:  return state->hand[currentPlayer][handPos];
        -:  339:}
        -:  340:
function supplyCount called 0 returned 0% blocks executed 0%
        -:  341:int supplyCount(int card, struct gameState *state) {
    #####:  342:  return state->supplyCount[card];
        -:  343:}
        -:  344:
function fullDeckCount called 0 returned 0% blocks executed 0%
        -:  345:int fullDeckCount(int player, int card, struct gameState *state) {
        -:  346:  int i;
    #####:  347:  int count = 0;
        -:  348:
    #####:  349:  for (i = 0; i < state->deckCount[player]; i++)
branch  0 never executed
branch  1 never executed
        -:  350:    {
    #####:  351:      if (state->deck[player][i] == card) count++;
branch  0 never executed
branch  1 never executed
    #####:  352:    }
        -:  353:
    #####:  354:  for (i = 0; i < state->handCount[player]; i++)
branch  0 never executed
branch  1 never executed
        -:  355:    {
    #####:  356:      if (state->hand[player][i] == card) count++;
branch  0 never executed
branch  1 never executed
    #####:  357:    }
        -:  358:
    #####:  359:  for (i = 0; i < state->discardCount[player]; i++)
branch  0 never executed
branch  1 never executed
        -:  360:    {
    #####:  361:      if (state->discard[player][i] == card) count++;
branch  0 never executed
branch  1 never executed
    #####:  362:    }
        -:  363:
    #####:  364:  return count;
        -:  365:}
        -:  366:
function whoseTurn called 3000 returned 100% blocks executed 100%
        -:  367:int whoseTurn(struct gameState *state) {
     3000:  368:  return state->whoseTurn;
        -:  369:}
        -:  370:
function endTurn called 0 returned 0% blocks executed 0%
        -:  371:int endTurn(struct gameState *state) {
        -:  372:  int k;
        -:  373:  int i;
    #####:  374:  int currentPlayer = whoseTurn(state);
        -:  375:  
        -:  376:  //Discard hand
    #####:  377:  for (i = 0; i < state->handCount[currentPlayer]; i++){
branch  0 never executed
branch  1 never executed
    #####:  378:    state->discard[currentPlayer][state->discardCount[currentPlayer]++] = state->hand[currentPlayer][i];//Discard
    #####:  379:    state->hand[currentPlayer][i] = -1;//Set card to -1
    #####:  380:  }
    #####:  381:  state->handCount[currentPlayer] = 0;//Reset hand count
        -:  382:    
        -:  383:  //Code for determining the player
    #####:  384:  if (currentPlayer < (state->numPlayers - 1)){ 
branch  0 never executed
branch  1 never executed
    #####:  385:    state->whoseTurn = currentPlayer + 1;//Still safe to increment
    #####:  386:  }
        -:  387:  else{
    #####:  388:    state->whoseTurn = 0;//Max player has been reached, loop back around to player 1
        -:  389:  }
        -:  390:
    #####:  391:  state->outpostPlayed = 0;
    #####:  392:  state->phase = 0;
    #####:  393:  state->numActions = 1;
    #####:  394:  state->coins = 0;
    #####:  395:  state->numBuys = 1;
    #####:  396:  state->playedCardCount = 0;
    #####:  397:  state->handCount[state->whoseTurn] = 0;
        -:  398:
        -:  399:  //int k; move to top
        -:  400:  //Next player draws hand
    #####:  401:  for (k = 0; k < 5; k++){
branch  0 never executed
branch  1 never executed
    #####:  402:    drawCard(state->whoseTurn, state);//Draw a card
    #####:  403:  }
        -:  404:
        -:  405:  //Update money
    #####:  406:  updateCoins(state->whoseTurn, state , 0);
        -:  407:
    #####:  408:  return 0;
        -:  409:}
        -:  410:
function isGameOver called 0 returned 0% blocks executed 0%
        -:  411:int isGameOver(struct gameState *state) {
        -:  412:  int i;
        -:  413:  int j;
        -:  414:	
        -:  415:  //if stack of Province cards is empty, the game ends
    #####:  416:  if (state->supplyCount[province] == 0)
branch  0 never executed
branch  1 never executed
        -:  417:    {
    #####:  418:      return 1;
        -:  419:    }
        -:  420:
        -:  421:  //if three supply pile are at 0, the game ends
    #####:  422:  j = 0;
    #####:  423:  for (i = 0; i < 25; i++)
branch  0 never executed
branch  1 never executed
        -:  424:    {
    #####:  425:      if (state->supplyCount[i] == 0)
branch  0 never executed
branch  1 never executed
        -:  426:	{
    #####:  427:	  j++;
    #####:  428:	}
    #####:  429:    }
    #####:  430:  if ( j >= 3)
branch  0 never executed
branch  1 never executed
        -:  431:    {
    #####:  432:      return 1;
        -:  433:    }
        -:  434:
    #####:  435:  return 0;
    #####:  436:}
        -:  437:
function scoreFor called 0 returned 0% blocks executed 0%
        -:  438:int scoreFor (int player, struct gameState *state) {
        -:  439:
        -:  440:  int i;
    #####:  441:  int score = 0;
        -:  442:  //score from hand
    #####:  443:  for (i = 0; i < state->handCount[player]; i++)
branch  0 never executed
branch  1 never executed
        -:  444:    {
    #####:  445:      if (state->hand[player][i] == curse) { score = score - 1; };
branch  0 never executed
branch  1 never executed
    #####:  446:      if (state->hand[player][i] == estate) { score = score + 1; };
branch  0 never executed
branch  1 never executed
    #####:  447:      if (state->hand[player][i] == duchy) { score = score + 3; };
branch  0 never executed
branch  1 never executed
    #####:  448:      if (state->hand[player][i] == province) { score = score + 6; };
branch  0 never executed
branch  1 never executed
    #####:  449:      if (state->hand[player][i] == great_hall) { score = score + 1; };
branch  0 never executed
branch  1 never executed
    #####:  450:      if (state->hand[player][i] == gardens) { score = score + ( fullDeckCount(player, 0, state) / 10 ); };
branch  0 never executed
branch  1 never executed
    #####:  451:    }
        -:  452:
        -:  453:  //score from discard
    #####:  454:  for (i = 0; i < state->discardCount[player]; i++)
branch  0 never executed
branch  1 never executed
        -:  455:    {
    #####:  456:      if (state->discard[player][i] == curse) { score = score - 1; };
branch  0 never executed
branch  1 never executed
    #####:  457:      if (state->discard[player][i] == estate) { score = score + 1; };
branch  0 never executed
branch  1 never executed
    #####:  458:      if (state->discard[player][i] == duchy) { score = score + 3; };
branch  0 never executed
branch  1 never executed
    #####:  459:      if (state->discard[player][i] == province) { score = score + 6; };
branch  0 never executed
branch  1 never executed
    #####:  460:      if (state->discard[player][i] == great_hall) { score = score + 1; };
branch  0 never executed
branch  1 never executed
    #####:  461:      if (state->discard[player][i] == gardens) { score = score + ( fullDeckCount(player, 0, state) / 10 ); };
branch  0 never executed
branch  1 never executed
    #####:  462:    }
        -:  463:
        -:  464:  //score from deck
    #####:  465:  for (i = 0; i < state->discardCount[player]; i++)
branch  0 never executed
branch  1 never executed
        -:  466:    {
    #####:  467:      if (state->deck[player][i] == curse) { score = score - 1; };
branch  0 never executed
branch  1 never executed
    #####:  468:      if (state->deck[player][i] == estate) { score = score + 1; };
branch  0 never executed
branch  1 never executed
    #####:  469:      if (state->deck[player][i] == duchy) { score = score + 3; };
branch  0 never executed
branch  1 never executed
    #####:  470:      if (state->deck[player][i] == province) { score = score + 6; };
branch  0 never executed
branch  1 never executed
    #####:  471:      if (state->deck[player][i] == great_hall) { score = score + 1; };
branch  0 never executed
branch  1 never executed
    #####:  472:      if (state->deck[player][i] == gardens) { score = score + ( fullDeckCount(player, 0, state) / 10 ); };
branch  0 never executed
branch  1 never executed
    #####:  473:    }
        -:  474:
    #####:  475:  return score;
        -:  476:}
        -:  477:
function getWinners called 0 returned 0% blocks executed 0%
        -:  478:int getWinners(int players[MAX_PLAYERS], struct gameState *state) {
        -:  479:  int i;	
        -:  480:  int j;
        -:  481:  int highScore;
        -:  482:  int currentPlayer;
        -:  483:
        -:  484:  //get score for each player
    #####:  485:  for (i = 0; i < MAX_PLAYERS; i++)
branch  0 never executed
branch  1 never executed
        -:  486:    {
        -:  487:      //set unused player scores to -9999
    #####:  488:      if (i >= state->numPlayers)
branch  0 never executed
branch  1 never executed
        -:  489:	{
    #####:  490:	  players[i] = -9999;
    #####:  491:	}
        -:  492:      else
        -:  493:	{
    #####:  494:	  players[i] = scoreFor (i, state);
        -:  495:	}
    #####:  496:    }
        -:  497:
        -:  498:  //find highest score
    #####:  499:  j = 0;
    #####:  500:  for (i = 0; i < MAX_PLAYERS; i++)
branch  0 never executed
branch  1 never executed
        -:  501:    {
    #####:  502:      if (players[i] > players[j])
branch  0 never executed
branch  1 never executed
        -:  503:	{
    #####:  504:	  j = i;
    #####:  505:	}
    #####:  506:    }
    #####:  507:  highScore = players[j];
        -:  508:
        -:  509:  //add 1 to players who had less turns
    #####:  510:  currentPlayer = whoseTurn(state);
    #####:  511:  for (i = 0; i < MAX_PLAYERS; i++)
branch  0 never executed
branch  1 never executed
        -:  512:    {
    #####:  513:      if ( players[i] == highScore && i > currentPlayer )
branch  0 never executed
branch  1 never executed
branch  2 never executed
branch  3 never executed
        -:  514:	{
    #####:  515:	  players[i]++;
    #####:  516:	}
    #####:  517:    }
        -:  518:
        -:  519:  //find new highest score
    #####:  520:  j = 0;
    #####:  521:  for (i = 0; i < MAX_PLAYERS; i++)
branch  0 never executed
branch  1 never executed
        -:  522:    {
    #####:  523:      if ( players[i] > players[j] )
branch  0 never executed
branch  1 never executed
        -:  524:	{
    #####:  525:	  j = i;
    #####:  526:	}
    #####:  527:    }
    #####:  528:  highScore = players[j];
        -:  529:
        -:  530:  //set winners in array to 1 and rest to 0
    #####:  531:  for (i = 0; i < MAX_PLAYERS; i++)
branch  0 never executed
branch  1 never executed
        -:  532:    {
    #####:  533:      if ( players[i] == highScore )
branch  0 never executed
branch  1 never executed
        -:  534:	{
    #####:  535:	  players[i] = 1;
    #####:  536:	}
        -:  537:      else
        -:  538:	{
    #####:  539:	  players[i] = 0;
        -:  540:	}
    #####:  541:    }
        -:  542:
    #####:  543:  return 0;
        -:  544:}
        -:  545:
function drawCard called 46898 returned 100% blocks executed 75%
        -:  546:int drawCard(int player, struct gameState *state)
        -:  547:{	int count;
        -:  548:  int deckCounter;
    46898:  549:  if (state->deckCount[player] <= 0){//Deck is empty
branch  0 taken 3%
branch  1 taken 97%
        -:  550:    
        -:  551:    //Step 1 Shuffle the discard pile back into a deck
        -:  552:    int i;
        -:  553:    //Move discard to deck
     3238:  554:    for (i = 0; i < state->discardCount[player];i++){
branch  0 taken 0%
branch  1 taken 100%
    #####:  555:      state->deck[player][i] = state->discard[player][i];
    #####:  556:      state->discard[player][i] = -1;
    #####:  557:    }
        -:  558:
     1619:  559:    state->deckCount[player] = state->discardCount[player];
     1619:  560:    state->discardCount[player] = 0;//Reset discard
        -:  561:
        -:  562:    //Shufffle the deck
     1619:  563:    shuffle(player, state);//Shuffle the deck up and make it so that we can draw
        -:  564:   
        -:  565:    if (DEBUG){//Debug statements
        -:  566:      printf("Deck count now: %d\n", state->deckCount[player]);
        -:  567:    }
        -:  568:    
     1619:  569:    state->discardCount[player] = 0;
        -:  570:
        -:  571:    //Step 2 Draw Card
     1619:  572:    count = state->handCount[player];//Get current player's hand count
        -:  573:    
        -:  574:    if (DEBUG){//Debug statements
        -:  575:      printf("Current hand count: %d\n", count);
        -:  576:    }
        -:  577:    
     1619:  578:    deckCounter = state->deckCount[player];//Create a holder for the deck count
        -:  579:
     1619:  580:    if (deckCounter == 0)
branch  0 taken 100%
branch  1 taken 0%
     1619:  581:      return -1;
        -:  582:
    #####:  583:    state->hand[player][count] = state->deck[player][deckCounter - 1];//Add card to hand
    #####:  584:    state->deckCount[player]--;
    #####:  585:    state->handCount[player]++;//Increment hand count
    #####:  586:  }
        -:  587:
        -:  588:  else{
    45279:  589:    int count = state->handCount[player];//Get current hand count for player
        -:  590:    int deckCounter;
        -:  591:    if (DEBUG){//Debug statements
        -:  592:      printf("Current hand count: %d\n", count);
        -:  593:    }
        -:  594:
    45279:  595:    deckCounter = state->deckCount[player];//Create holder for the deck count
    45279:  596:    state->hand[player][count] = state->deck[player][deckCounter - 1];//Add card to the hand
    45279:  597:    state->deckCount[player]--;
    45279:  598:    state->handCount[player]++;//Increment hand count
        -:  599:  }
        -:  600:
    45279:  601:  return 0;
    46898:  602:}
        -:  603:
function getCost called 0 returned 0% blocks executed 0%
        -:  604:int getCost(int cardNumber)
        -:  605:{
    #####:  606:  switch( cardNumber ) 
branch  0 never executed
branch  1 never executed
branch  2 never executed
branch  3 never executed
branch  4 never executed
branch  5 never executed
branch  6 never executed
branch  7 never executed
branch  8 never executed
branch  9 never executed
branch 10 never executed
branch 11 never executed
branch 12 never executed
branch 13 never executed
branch 14 never executed
branch 15 never executed
branch 16 never executed
branch 17 never executed
branch 18 never executed
branch 19 never executed
branch 20 never executed
branch 21 never executed
branch 22 never executed
branch 23 never executed
branch 24 never executed
branch 25 never executed
branch 26 never executed
branch 27 never executed
        -:  607:    {
        -:  608:    case curse:
    #####:  609:      return 0;
        -:  610:    case estate:
    #####:  611:      return 2;
        -:  612:    case duchy:
    #####:  613:      return 5;
        -:  614:    case province:
    #####:  615:      return 8;
        -:  616:    case copper:
    #####:  617:      return 0;
        -:  618:    case silver:
    #####:  619:      return 3;
        -:  620:    case gold:
    #####:  621:      return 6;
        -:  622:    case adventurer:
    #####:  623:      return 6;
        -:  624:    case council_room:
    #####:  625:      return 5;
        -:  626:    case feast:
    #####:  627:      return 4;
        -:  628:    case gardens:
    #####:  629:      return 4;
        -:  630:    case mine:
    #####:  631:      return 5;
        -:  632:    case remodel:
    #####:  633:      return 4;
        -:  634:    case smithy:
    #####:  635:      return 4;
        -:  636:    case village:
    #####:  637:      return 3;
        -:  638:    case baron:
    #####:  639:      return 4;
        -:  640:    case great_hall:
    #####:  641:      return 3;
        -:  642:    case minion:
    #####:  643:      return 5;
        -:  644:    case steward:
    #####:  645:      return 3;
        -:  646:    case tribute:
    #####:  647:      return 5;
        -:  648:    case ambassador:
    #####:  649:      return 3;
        -:  650:    case cutpurse:
    #####:  651:      return 4;
        -:  652:    case embargo: 
    #####:  653:      return 2;
        -:  654:    case outpost:
    #####:  655:      return 5;
        -:  656:    case salvager:
    #####:  657:      return 4;
        -:  658:    case sea_hag:
    #####:  659:      return 4;
        -:  660:    case treasure_map:
    #####:  661:      return 4;
        -:  662:    }
        -:  663:	
    #####:  664:  return -1;
    #####:  665:}
        -:  666://bug - drawntreasure will register smithy, adventurer, or gardens as treasure cards rather than copper, silver, and gold
function adventurer_function called 1000 returned 100% blocks executed 100%
        -:  667:int adventurer_function(struct gameState *state, int drawntreasure, int currentPlayer, int cardDrawn, int temphand[], int z){
    33870:  668:    while(drawntreasure<2){
branch  0 taken 94%
branch  1 taken 6%
    15935:  669:        if (state->deckCount[currentPlayer] <1){//if the deck is empty we need to shuffle discard and add to deck
branch  0 taken 4%
branch  1 taken 96%
      686:  670:            shuffle(currentPlayer, state);
      686:  671:        }
    15935:  672:        drawCard(currentPlayer, state);
    15935:  673:        cardDrawn = state->hand[currentPlayer][state->handCount[currentPlayer]-1];//top card of hand is most recently drawn card.
        -:  674:        //if (cardDrawn == copper || cardDrawn == silver|| cardDrawn == gold)
        -:  675:        //drawntreasure will register smithy, adventurer, or gardens as treasure cards
    45800:  676:        if (cardDrawn == smithy || cardDrawn == adventurer || cardDrawn == gardens)
branch  0 taken 98%
branch  1 taken 2%
branch  2 taken 92%
branch  3 taken 8%
branch  4 taken 2%
branch  5 taken 98%
     2000:  677:            drawntreasure++;
        -:  678:        else{
    13935:  679:            temphand[z]=cardDrawn;
    13935:  680:            state->handCount[currentPlayer]--; //this should just remove the top card (the most recently drawn one).
    13935:  681:            z++;
        -:  682:        }
        -:  683:    }
    29870:  684:    while(z-1>=0){
branch  0 taken 93%
branch  1 taken 7%
    13935:  685:        state->discard[currentPlayer][state->discardCount[currentPlayer]++]=temphand[z-1]; // discard all cards in play that have been drawn
    13935:  686:        z=z-1;
        -:  687:    }
     1000:  688:    return 0;
        -:  689:}
        -:  690://bug - player will draw 10 cards instead of 3
function smithy_function called 1000 returned 100% blocks executed 100%
        -:  691:int smithy_function(struct gameState *state, int i, int currentPlayer, int handPos){
        -:  692:    //player will draw 10 cards instead of the normal 3 cards
    22000:  693:    for (i = 0; i < 10; i++)
branch  0 taken 91%
branch  1 taken 9%
        -:  694:    {
    10000:  695:        drawCard(currentPlayer, state);
    10000:  696:    }
        -:  697:
        -:  698:    //discard card from hand
     1000:  699:    discardCard(handPos, currentPlayer, state, 0);
     1000:  700:    return 0;
        -:  701:}
        -:  702:
        -:  703://no bugs introduced to this function
function outpost_function called 0 returned 0% blocks executed 0%
        -:  704:int outpost_function(struct gameState *state, int handPos, int currentPlayer){
        -:  705:    //set outpost flag
    #####:  706:    state->outpostPlayed++;
        -:  707:
        -:  708:    //discard card
    #####:  709:    discardCard(handPos, currentPlayer, state, 0);
    #####:  710:    return 0;
        -:  711:}
        -:  712:
        -:  713://bug - 1 buy will be removed instead of being incremented
function council_room_function called 1000 returned 100% blocks executed 100%
        -:  714:int council_room_function(struct gameState *state, int i, int currentPlayer, int handPos){
        -:  715:    //+4 Cards
    10000:  716:    for (i = 0; i < 4; i++)
branch  0 taken 80%
branch  1 taken 20%
        -:  717:    {
     4000:  718:        drawCard(currentPlayer, state);
     4000:  719:    }
        -:  720:
        -:  721:    //+1 Buy
        -:  722:    //state->numBuys++;
        -:  723:
        -:  724:    //remove 1 buy instead of incrementing
     1000:  725:    state->numBuys--;
        -:  726:
        -:  727:    //Each other player draws a card
     7926:  728:    for (i = 0; i < state->numPlayers; i++)
branch  0 taken 75%
branch  1 taken 25%
        -:  729:    {
     2963:  730:        if ( i != currentPlayer )
branch  0 taken 66%
branch  1 taken 34%
        -:  731:        {
     1963:  732:            drawCard(i, state);
     1963:  733:        }
     2963:  734:    }
        -:  735:
        -:  736:    //put played card in played card pile
     1000:  737:    discardCard(handPos, currentPlayer, state, 0);
        -:  738:
     1000:  739:    return 0;
        -:  740:}
        -:  741:
        -:  742://bug - card will return -1 if successful and 1 if no second treasure map was found in hand
function treasure_map_function called 0 returned 0% blocks executed 0%
        -:  743:int treasure_map_function(struct gameState *state, int index, int i, int currentPlayer, int handPos){
        -:  744:    //search hand for another treasure_map
    #####:  745:    index = -1;
    #####:  746:    for (i = 0; i < state->handCount[currentPlayer]; i++)
branch  0 never executed
branch  1 never executed
        -:  747:    {
    #####:  748:        if (state->hand[currentPlayer][i] == treasure_map && i != handPos)
branch  0 never executed
branch  1 never executed
branch  2 never executed
branch  3 never executed
        -:  749:        {
    #####:  750:            index = i;
    #####:  751:            break;
        -:  752:        }
    #####:  753:    }
    #####:  754:    if (index > -1)
branch  0 never executed
branch  1 never executed
        -:  755:    {
        -:  756:        //trash both treasure cards
    #####:  757:        discardCard(handPos, currentPlayer, state, 1);
    #####:  758:        discardCard(index, currentPlayer, state, 1);
        -:  759:
        -:  760:        //gain 4 Gold cards
    #####:  761:        for (i = 0; i < 4; i++)
branch  0 never executed
branch  1 never executed
        -:  762:        {
    #####:  763:            gainCard(gold, state, 1, currentPlayer);
    #####:  764:        }
        -:  765:
        -:  766:        //return success
        -:  767:        //return 1;
    #####:  768:        return -1;
        -:  769:    }
        -:  770:
        -:  771:    //no second treasure_map found in hand
        -:  772:    //return -1;
    #####:  773:    return 1;
    #####:  774:}
        -:  775:
function cardEffect called 3000 returned 100% blocks executed 3%
        -:  776:int cardEffect(int card, int choice1, int choice2, int choice3, struct gameState *state, int handPos, int *bonus)
        -:  777:{
        -:  778:  int i;
        -:  779:  int j;
        -:  780:  int k;
        -:  781:  int x;
        -:  782:  int index;
     3000:  783:  int currentPlayer = whoseTurn(state);
     3000:  784:  int nextPlayer = currentPlayer + 1;
        -:  785:
     3000:  786:  int tributeRevealedCards[2] = {-1, -1};
        -:  787:  int temphand[MAX_HAND];// moved above the if statement
     3000:  788:  int drawntreasure=0;
        -:  789:  int cardDrawn;
     3000:  790:  int z = 0;// this is the counter for the temp hand
     3000:  791:  if (nextPlayer > (state->numPlayers - 1)){
branch  0 taken 0%
branch  1 taken 100%
    #####:  792:    nextPlayer = 0;
    #####:  793:  }
        -:  794:  
        -:  795:	
        -:  796:  //uses switch to select card and perform actions
     3000:  797:  switch( card ) 
branch  0 taken 33%
branch  1 taken 33%
branch  2 taken 0%
branch  3 taken 0%
branch  4 taken 0%
branch  5 taken 0%
branch  6 taken 33%
branch  7 taken 0%
branch  8 taken 0%
branch  9 taken 0%
branch 10 taken 0%
branch 11 taken 0%
branch 12 taken 0%
branch 13 taken 0%
branch 14 taken 0%
branch 15 taken 0%
branch 16 taken 0%
branch 17 taken 0%
branch 18 taken 0%
branch 19 taken 0%
branch 20 taken 0%
        -:  798:    {
        -:  799:    case adventurer:
        -:  800:        //(struct gameState *state, int drawntreasure, int currentPlayer, int cardDrawn, int temphand[], int z)
     1000:  801:        return adventurer_function(state, drawntreasure, currentPlayer, cardDrawn, temphand, z);
        -:  802:        /*
        -:  803:      while(drawntreasure<2){
        -:  804:	if (state->deckCount[currentPlayer] <1){//if the deck is empty we need to shuffle discard and add to deck
        -:  805:	  shuffle(currentPlayer, state);
        -:  806:	}
        -:  807:	drawCard(currentPlayer, state);
        -:  808:	cardDrawn = state->hand[currentPlayer][state->handCount[currentPlayer]-1];//top card of hand is most recently drawn card.
        -:  809:	if (cardDrawn == copper || cardDrawn == silver || cardDrawn == gold)
        -:  810:	  drawntreasure++;
        -:  811:	else{
        -:  812:	  temphand[z]=cardDrawn;
        -:  813:	  state->handCount[currentPlayer]--; //this should just remove the top card (the most recently drawn one).
        -:  814:	  z++;
        -:  815:	}
        -:  816:      }
        -:  817:      while(z-1>=0){
        -:  818:	state->discard[currentPlayer][state->discardCount[currentPlayer]++]=temphand[z-1]; // discard all cards in play that have been drawn
        -:  819:	z=z-1;
        -:  820:      }
        -:  821:         */
        -:  822:			
        -:  823:    case council_room:
        -:  824:        //(struct gameState *state, int i, int currentPlayer, int handPos)
     1000:  825:        return council_room_function(state, i, currentPlayer, handPos);
        -:  826:           /*
        -:  827:      //+4 Cards
        -:  828:      for (i = 0; i < 4; i++)
        -:  829:	{
        -:  830:	  drawCard(currentPlayer, state);
        -:  831:	}
        -:  832:			
        -:  833:      //+1 Buy
        -:  834:      state->numBuys++;
        -:  835:			
        -:  836:      //Each other player draws a card
        -:  837:      for (i = 0; i < state->numPlayers; i++)
        -:  838:	{
        -:  839:	  if ( i != currentPlayer )
        -:  840:	    {
        -:  841:	      drawCard(i, state);
        -:  842:	    }
        -:  843:	}
        -:  844:			
        -:  845:      //put played card in played card pile
        -:  846:      discardCard(handPos, currentPlayer, state, 0);
        -:  847:			*/
        -:  848:			
        -:  849:    case feast:
        -:  850:      //gain card with cost up to 5
        -:  851:      //Backup hand
    #####:  852:      for (i = 0; i <= state->handCount[currentPlayer]; i++){
branch  0 never executed
branch  1 never executed
    #####:  853:	temphand[i] = state->hand[currentPlayer][i];//Backup card
    #####:  854:	state->hand[currentPlayer][i] = -1;//Set to nothing
    #####:  855:      }
        -:  856:      //Backup hand
        -:  857:
        -:  858:      //Update Coins for Buy
    #####:  859:      updateCoins(currentPlayer, state, 5);
    #####:  860:      x = 1;//Condition to loop on
    #####:  861:      while( x == 1) {//Buy one card
branch  0 never executed
branch  1 never executed
    #####:  862:	if (supplyCount(choice1, state) <= 0){
branch  0 never executed
branch  1 never executed
        -:  863:	  if (DEBUG)
        -:  864:	    printf("None of that card left, sorry!\n");
        -:  865:
        -:  866:	  if (DEBUG){
        -:  867:	    printf("Cards Left: %d\n", supplyCount(choice1, state));
        -:  868:	  }
    #####:  869:	}
    #####:  870:	else if (state->coins < getCost(choice1)){
branch  0 never executed
branch  1 never executed
    #####:  871:	  printf("That card is too expensive!\n");
        -:  872:
        -:  873:	  if (DEBUG){
        -:  874:	    printf("Coins: %d < %d\n", state->coins, getCost(choice1));
        -:  875:	  }
    #####:  876:	}
        -:  877:	else{
        -:  878:
        -:  879:	  if (DEBUG){
        -:  880:	    printf("Deck Count: %d\n", state->handCount[currentPlayer] + state->deckCount[currentPlayer] + state->discardCount[currentPlayer]);
        -:  881:	  }
        -:  882:
    #####:  883:	  gainCard(choice1, state, 0, currentPlayer);//Gain the card
    #####:  884:	  x = 0;//No more buying cards
        -:  885:
        -:  886:	  if (DEBUG){
        -:  887:	    printf("Deck Count: %d\n", state->handCount[currentPlayer] + state->deckCount[currentPlayer] + state->discardCount[currentPlayer]);
        -:  888:	  }
        -:  889:
        -:  890:	}
        -:  891:      }     
        -:  892:
        -:  893:      //Reset Hand
    #####:  894:      for (i = 0; i <= state->handCount[currentPlayer]; i++){
branch  0 never executed
branch  1 never executed
    #####:  895:	state->hand[currentPlayer][i] = temphand[i];
    #####:  896:	temphand[i] = -1;
    #####:  897:      }
        -:  898:      //Reset Hand
        -:  899:      			
    #####:  900:      return 0;
        -:  901:			
        -:  902:    case gardens:
    #####:  903:      return -1;
        -:  904:			
        -:  905:    case mine:
    #####:  906:      j = state->hand[currentPlayer][choice1];  //store card we will trash
        -:  907:
    #####:  908:      if (state->hand[currentPlayer][choice1] < copper || state->hand[currentPlayer][choice1] > gold)
branch  0 never executed
branch  1 never executed
branch  2 never executed
branch  3 never executed
        -:  909:	{
    #####:  910:	  return -1;
        -:  911:	}
        -:  912:		
    #####:  913:      if (choice2 > treasure_map || choice2 < curse)
branch  0 never executed
branch  1 never executed
branch  2 never executed
branch  3 never executed
        -:  914:	{
    #####:  915:	  return -1;
        -:  916:	}
        -:  917:
    #####:  918:      if ( (getCost(state->hand[currentPlayer][choice1]) + 3) > getCost(choice2) )
branch  0 never executed
branch  1 never executed
        -:  919:	{
    #####:  920:	  return -1;
        -:  921:	}
        -:  922:
    #####:  923:      gainCard(choice2, state, 2, currentPlayer);
        -:  924:
        -:  925:      //discard card from hand
    #####:  926:      discardCard(handPos, currentPlayer, state, 0);
        -:  927:
        -:  928:      //discard trashed card
    #####:  929:      for (i = 0; i < state->handCount[currentPlayer]; i++)
branch  0 never executed
branch  1 never executed
        -:  930:	{
    #####:  931:	  if (state->hand[currentPlayer][i] == j)
branch  0 never executed
branch  1 never executed
        -:  932:	    {
    #####:  933:	      discardCard(i, currentPlayer, state, 0);			
    #####:  934:	      break;
        -:  935:	    }
    #####:  936:	}
        -:  937:			
    #####:  938:      return 0;
        -:  939:			
        -:  940:    case remodel:
    #####:  941:      j = state->hand[currentPlayer][choice1];  //store card we will trash
        -:  942:
    #####:  943:      if ( (getCost(state->hand[currentPlayer][choice1]) + 2) > getCost(choice2) )
branch  0 never executed
branch  1 never executed
        -:  944:	{
    #####:  945:	  return -1;
        -:  946:	}
        -:  947:
    #####:  948:      gainCard(choice2, state, 0, currentPlayer);
        -:  949:
        -:  950:      //discard card from hand
    #####:  951:      discardCard(handPos, currentPlayer, state, 0);
        -:  952:
        -:  953:      //discard trashed card
    #####:  954:      for (i = 0; i < state->handCount[currentPlayer]; i++)
branch  0 never executed
branch  1 never executed
        -:  955:	{
    #####:  956:	  if (state->hand[currentPlayer][i] == j)
branch  0 never executed
branch  1 never executed
        -:  957:	    {
    #####:  958:	      discardCard(i, currentPlayer, state, 0);			
    #####:  959:	      break;
        -:  960:	    }
    #####:  961:	}
        -:  962:
        -:  963:
    #####:  964:      return 0;
        -:  965:		
        -:  966:    case smithy:
        -:  967:        //(struct gameState *state, int i, int currentPlayer, int handPos)
     1000:  968:        return smithy_function(state, i, currentPlayer, handPos);
        -:  969:        /*
        -:  970:      //+3 Cards
        -:  971:      for (i = 0; i < 3; i++)
        -:  972:	{
        -:  973:	  drawCard(currentPlayer, state);
        -:  974:	}
        -:  975:			
        -:  976:      //discard card from hand
        -:  977:      discardCard(handPos, currentPlayer, state, 0);
        -:  978:         */
        -:  979:		
        -:  980:    case village:
        -:  981:      //+1 Card
    #####:  982:      drawCard(currentPlayer, state);
        -:  983:			
        -:  984:      //+2 Actions
    #####:  985:      state->numActions = state->numActions + 2;
        -:  986:			
        -:  987:      //discard played card from hand
    #####:  988:      discardCard(handPos, currentPlayer, state, 0);
    #####:  989:      return 0;
        -:  990:		
        -:  991:    case baron:
    #####:  992:      state->numBuys++;//Increase buys by 1!
    #####:  993:      if (choice1 > 0){//Boolean true or going to discard an estate
branch  0 never executed
branch  1 never executed
    #####:  994:	int p = 0;//Iterator for hand!
    #####:  995:	int card_not_discarded = 1;//Flag for discard set!
    #####:  996:	while(card_not_discarded){
branch  0 never executed
branch  1 never executed
    #####:  997:	  if (state->hand[currentPlayer][p] == estate){//Found an estate card!
branch  0 never executed
branch  1 never executed
    #####:  998:	    state->coins += 4;//Add 4 coins to the amount of coins
    #####:  999:	    state->discard[currentPlayer][state->discardCount[currentPlayer]] = state->hand[currentPlayer][p];
    #####: 1000:	    state->discardCount[currentPlayer]++;
    #####: 1001:	    for (;p < state->handCount[currentPlayer]; p++){
branch  0 never executed
branch  1 never executed
    #####: 1002:	      state->hand[currentPlayer][p] = state->hand[currentPlayer][p+1];
    #####: 1003:	    }
    #####: 1004:	    state->hand[currentPlayer][state->handCount[currentPlayer]] = -1;
    #####: 1005:	    state->handCount[currentPlayer]--;
    #####: 1006:	    card_not_discarded = 0;//Exit the loop
    #####: 1007:	  }
    #####: 1008:	  else if (p > state->handCount[currentPlayer]){
branch  0 never executed
branch  1 never executed
        -: 1009:	    if(DEBUG) {
        -: 1010:	      printf("No estate cards in your hand, invalid choice\n");
        -: 1011:	      printf("Must gain an estate if there are any\n");
        -: 1012:	    }
    #####: 1013:	    if (supplyCount(estate, state) > 0){
branch  0 never executed
branch  1 never executed
    #####: 1014:	      gainCard(estate, state, 0, currentPlayer);
    #####: 1015:	      state->supplyCount[estate]--;//Decrement estates
    #####: 1016:	      if (supplyCount(estate, state) == 0){
branch  0 never executed
branch  1 never executed
    #####: 1017:		isGameOver(state);
    #####: 1018:	      }
    #####: 1019:	    }
    #####: 1020:	    card_not_discarded = 0;//Exit the loop
    #####: 1021:	  }
        -: 1022:			    
        -: 1023:	  else{
    #####: 1024:	    p++;//Next card
        -: 1025:	  }
        -: 1026:	}
    #####: 1027:      }
        -: 1028:			    
        -: 1029:      else{
    #####: 1030:	if (supplyCount(estate, state) > 0){
branch  0 never executed
branch  1 never executed
    #####: 1031:	  gainCard(estate, state, 0, currentPlayer);//Gain an estate
    #####: 1032:	  state->supplyCount[estate]--;//Decrement Estates
    #####: 1033:	  if (supplyCount(estate, state) == 0){
branch  0 never executed
branch  1 never executed
    #####: 1034:	    isGameOver(state);
    #####: 1035:	  }
    #####: 1036:	}
        -: 1037:      }
        -: 1038:	    
        -: 1039:      
    #####: 1040:      return 0;
        -: 1041:		
        -: 1042:    case great_hall:
        -: 1043:      //+1 Card
    #####: 1044:      drawCard(currentPlayer, state);
        -: 1045:			
        -: 1046:      //+1 Actions
    #####: 1047:      state->numActions++;
        -: 1048:			
        -: 1049:      //discard card from hand
    #####: 1050:      discardCard(handPos, currentPlayer, state, 0);
    #####: 1051:      return 0;
        -: 1052:		
        -: 1053:    case minion:
        -: 1054:      //+1 action
    #####: 1055:      state->numActions++;
        -: 1056:			
        -: 1057:      //discard card from hand
    #####: 1058:      discardCard(handPos, currentPlayer, state, 0);
        -: 1059:			
    #####: 1060:      if (choice1)		//+2 coins
branch  0 never executed
branch  1 never executed
        -: 1061:	{
    #####: 1062:	  state->coins = state->coins + 2;
    #####: 1063:	}
        -: 1064:			
    #####: 1065:      else if (choice2)		//discard hand, redraw 4, other players with 5+ cards discard hand and draw 4
branch  0 never executed
branch  1 never executed
        -: 1066:	{
        -: 1067:	  //discard hand
    #####: 1068:	  while(numHandCards(state) > 0)
branch  0 never executed
branch  1 never executed
        -: 1069:	    {
    #####: 1070:	      discardCard(handPos, currentPlayer, state, 0);
        -: 1071:	    }
        -: 1072:				
        -: 1073:	  //draw 4
    #####: 1074:	  for (i = 0; i < 4; i++)
branch  0 never executed
branch  1 never executed
        -: 1075:	    {
    #####: 1076:	      drawCard(currentPlayer, state);
    #####: 1077:	    }
        -: 1078:				
        -: 1079:	  //other players discard hand and redraw if hand size > 4
    #####: 1080:	  for (i = 0; i < state->numPlayers; i++)
branch  0 never executed
branch  1 never executed
        -: 1081:	    {
    #####: 1082:	      if (i != currentPlayer)
branch  0 never executed
branch  1 never executed
        -: 1083:		{
    #####: 1084:		  if ( state->handCount[i] > 4 )
branch  0 never executed
branch  1 never executed
        -: 1085:		    {
        -: 1086:		      //discard hand
    #####: 1087:		      while( state->handCount[i] > 0 )
branch  0 never executed
branch  1 never executed
        -: 1088:			{
    #####: 1089:			  discardCard(handPos, i, state, 0);
        -: 1090:			}
        -: 1091:							
        -: 1092:		      //draw 4
    #####: 1093:		      for (j = 0; j < 4; j++)
branch  0 never executed
branch  1 never executed
        -: 1094:			{
    #####: 1095:			  drawCard(i, state);
    #####: 1096:			}
    #####: 1097:		    }
    #####: 1098:		}
    #####: 1099:	    }
        -: 1100:				
    #####: 1101:	}
    #####: 1102:      return 0;
        -: 1103:		
        -: 1104:    case steward:
    #####: 1105:      if (choice1 == 1)
branch  0 never executed
branch  1 never executed
        -: 1106:	{
        -: 1107:	  //+2 cards
    #####: 1108:	  drawCard(currentPlayer, state);
    #####: 1109:	  drawCard(currentPlayer, state);
    #####: 1110:	}
    #####: 1111:      else if (choice1 == 2)
branch  0 never executed
branch  1 never executed
        -: 1112:	{
        -: 1113:	  //+2 coins
    #####: 1114:	  state->coins = state->coins + 2;
    #####: 1115:	}
        -: 1116:      else
        -: 1117:	{
        -: 1118:	  //trash 2 cards in hand
    #####: 1119:	  discardCard(choice2, currentPlayer, state, 1);
    #####: 1120:	  discardCard(choice3, currentPlayer, state, 1);
        -: 1121:	}
        -: 1122:			
        -: 1123:      //discard card from hand
    #####: 1124:      discardCard(handPos, currentPlayer, state, 0);
    #####: 1125:      return 0;
        -: 1126:		
        -: 1127:    case tribute:
    #####: 1128:      if ((state->discardCount[nextPlayer] + state->deckCount[nextPlayer]) <= 1){
branch  0 never executed
branch  1 never executed
    #####: 1129:	if (state->deckCount[nextPlayer] > 0){
branch  0 never executed
branch  1 never executed
    #####: 1130:	  tributeRevealedCards[0] = state->deck[nextPlayer][state->deckCount[nextPlayer]-1];
    #####: 1131:	  state->deckCount[nextPlayer]--;
    #####: 1132:	}
    #####: 1133:	else if (state->discardCount[nextPlayer] > 0){
branch  0 never executed
branch  1 never executed
    #####: 1134:	  tributeRevealedCards[0] = state->discard[nextPlayer][state->discardCount[nextPlayer]-1];
    #####: 1135:	  state->discardCount[nextPlayer]--;
    #####: 1136:	}
        -: 1137:	else{
        -: 1138:	  //No Card to Reveal
        -: 1139:	  if (DEBUG){
        -: 1140:	    printf("No cards to reveal\n");
        -: 1141:	  }
        -: 1142:	}
    #####: 1143:      }
        -: 1144:	    
        -: 1145:      else{
    #####: 1146:	if (state->deckCount[nextPlayer] == 0){
branch  0 never executed
branch  1 never executed
    #####: 1147:	  for (i = 0; i < state->discardCount[nextPlayer]; i++){
branch  0 never executed
branch  1 never executed
    #####: 1148:	    state->deck[nextPlayer][i] = state->discard[nextPlayer][i];//Move to deck
    #####: 1149:	    state->deckCount[nextPlayer]++;
    #####: 1150:	    state->discard[nextPlayer][i] = -1;
    #####: 1151:	    state->discardCount[nextPlayer]--;
    #####: 1152:	  }
        -: 1153:			    
    #####: 1154:	  shuffle(nextPlayer,state);//Shuffle the deck
    #####: 1155:	} 
    #####: 1156:	tributeRevealedCards[0] = state->deck[nextPlayer][state->deckCount[nextPlayer]-1];
    #####: 1157:	state->deck[nextPlayer][state->deckCount[nextPlayer]--] = -1;
    #####: 1158:	state->deckCount[nextPlayer]--;
    #####: 1159:	tributeRevealedCards[1] = state->deck[nextPlayer][state->deckCount[nextPlayer]-1];
    #####: 1160:	state->deck[nextPlayer][state->deckCount[nextPlayer]--] = -1;
    #####: 1161:	state->deckCount[nextPlayer]--;
        -: 1162:      }    
        -: 1163:		       
    #####: 1164:      if (tributeRevealedCards[0] == tributeRevealedCards[1]){//If we have a duplicate card, just drop one 
branch  0 never executed
branch  1 never executed
    #####: 1165:	state->playedCards[state->playedCardCount] = tributeRevealedCards[1];
    #####: 1166:	state->playedCardCount++;
    #####: 1167:	tributeRevealedCards[1] = -1;
    #####: 1168:      }
        -: 1169:
    #####: 1170:      for (i = 0; i <= 2; i ++){
branch  0 never executed
branch  1 never executed
    #####: 1171:	if (tributeRevealedCards[i] == copper || tributeRevealedCards[i] == silver || tributeRevealedCards[i] == gold){//Treasure cards
branch  0 never executed
branch  1 never executed
branch  2 never executed
branch  3 never executed
branch  4 never executed
branch  5 never executed
    #####: 1172:	  state->coins += 2;
    #####: 1173:	}
        -: 1174:		    
    #####: 1175:	else if (tributeRevealedCards[i] == estate || tributeRevealedCards[i] == duchy || tributeRevealedCards[i] == province || tributeRevealedCards[i] == gardens || tributeRevealedCards[i] == great_hall){//Victory Card Found
branch  0 never executed
branch  1 never executed
branch  2 never executed
branch  3 never executed
branch  4 never executed
branch  5 never executed
branch  6 never executed
branch  7 never executed
branch  8 never executed
branch  9 never executed
    #####: 1176:	  drawCard(currentPlayer, state);
    #####: 1177:	  drawCard(currentPlayer, state);
    #####: 1178:	}
        -: 1179:	else{//Action Card
    #####: 1180:	  state->numActions = state->numActions + 2;
        -: 1181:	}
    #####: 1182:      }
        -: 1183:	    
    #####: 1184:      return 0;
        -: 1185:		
        -: 1186:    case ambassador:
    #####: 1187:      j = 0;		//used to check if player has enough cards to discard
        -: 1188:
    #####: 1189:      if (choice2 > 2 || choice2 < 0)
branch  0 never executed
branch  1 never executed
branch  2 never executed
branch  3 never executed
        -: 1190:	{
    #####: 1191:	  return -1;				
        -: 1192:	}
        -: 1193:
    #####: 1194:      if (choice1 == handPos)
branch  0 never executed
branch  1 never executed
        -: 1195:	{
    #####: 1196:	  return -1;
        -: 1197:	}
        -: 1198:
    #####: 1199:      for (i = 0; i < state->handCount[currentPlayer]; i++)
branch  0 never executed
branch  1 never executed
        -: 1200:	{
    #####: 1201:	  if (i != handPos && i == state->hand[currentPlayer][choice1] && i != choice1)
branch  0 never executed
branch  1 never executed
branch  2 never executed
branch  3 never executed
branch  4 never executed
branch  5 never executed
        -: 1202:	    {
    #####: 1203:	      j++;
    #####: 1204:	    }
    #####: 1205:	}
    #####: 1206:      if (j < choice2)
branch  0 never executed
branch  1 never executed
        -: 1207:	{
    #####: 1208:	  return -1;				
        -: 1209:	}
        -: 1210:
        -: 1211:      if (DEBUG) 
        -: 1212:	printf("Player %d reveals card number: %d\n", currentPlayer, state->hand[currentPlayer][choice1]);
        -: 1213:
        -: 1214:      //increase supply count for choosen card by amount being discarded
    #####: 1215:      state->supplyCount[state->hand[currentPlayer][choice1]] += choice2;
        -: 1216:			
        -: 1217:      //each other player gains a copy of revealed card
    #####: 1218:      for (i = 0; i < state->numPlayers; i++)
branch  0 never executed
branch  1 never executed
        -: 1219:	{
    #####: 1220:	  if (i != currentPlayer)
branch  0 never executed
branch  1 never executed
        -: 1221:	    {
    #####: 1222:	      gainCard(state->hand[currentPlayer][choice1], state, 0, i);
    #####: 1223:	    }
    #####: 1224:	}
        -: 1225:
        -: 1226:      //discard played card from hand
    #####: 1227:      discardCard(handPos, currentPlayer, state, 0);			
        -: 1228:
        -: 1229:      //trash copies of cards returned to supply
    #####: 1230:      for (j = 0; j < choice2; j++)
branch  0 never executed
branch  1 never executed
        -: 1231:	{
    #####: 1232:	  for (i = 0; i < state->handCount[currentPlayer]; i++)
branch  0 never executed
branch  1 never executed
        -: 1233:	    {
    #####: 1234:	      if (state->hand[currentPlayer][i] == state->hand[currentPlayer][choice1])
branch  0 never executed
branch  1 never executed
        -: 1235:		{
    #####: 1236:		  discardCard(i, currentPlayer, state, 1);
    #####: 1237:		  break;
        -: 1238:		}
    #####: 1239:	    }
    #####: 1240:	}			
        -: 1241:
    #####: 1242:      return 0;
        -: 1243:		
        -: 1244:    case cutpurse:
        -: 1245:
    #####: 1246:      updateCoins(currentPlayer, state, 2);
    #####: 1247:      for (i = 0; i < state->numPlayers; i++)
branch  0 never executed
branch  1 never executed
        -: 1248:	{
    #####: 1249:	  if (i != currentPlayer)
branch  0 never executed
branch  1 never executed
        -: 1250:	    {
    #####: 1251:	      for (j = 0; j < state->handCount[i]; j++)
branch  0 never executed
branch  1 never executed
        -: 1252:		{
    #####: 1253:		  if (state->hand[i][j] == copper)
branch  0 never executed
branch  1 never executed
        -: 1254:		    {
    #####: 1255:		      discardCard(j, i, state, 0);
    #####: 1256:		      break;
        -: 1257:		    }
    #####: 1258:		  if (j == state->handCount[i])
branch  0 never executed
branch  1 never executed
        -: 1259:		    {
    #####: 1260:		      for (k = 0; k < state->handCount[i]; k++)
branch  0 never executed
branch  1 never executed
        -: 1261:			{
        -: 1262:			  if (DEBUG)
        -: 1263:			    printf("Player %d reveals card number %d\n", i, state->hand[i][k]);
    #####: 1264:			}	
    #####: 1265:		      break;
        -: 1266:		    }		
    #####: 1267:		}
        -: 1268:					
    #####: 1269:	    }
        -: 1270:				
    #####: 1271:	}				
        -: 1272:
        -: 1273:      //discard played card from hand
    #####: 1274:      discardCard(handPos, currentPlayer, state, 0);			
        -: 1275:
    #####: 1276:      return 0;
        -: 1277:
        -: 1278:		
        -: 1279:    case embargo: 
        -: 1280:      //+2 Coins
    #####: 1281:      state->coins = state->coins + 2;
        -: 1282:			
        -: 1283:      //see if selected pile is in play
    #####: 1284:      if ( state->supplyCount[choice1] == -1 )
branch  0 never executed
branch  1 never executed
        -: 1285:	{
    #####: 1286:	  return -1;
        -: 1287:	}
        -: 1288:			
        -: 1289:      //add embargo token to selected supply pile
    #####: 1290:      state->embargoTokens[choice1]++;
        -: 1291:			
        -: 1292:      //trash card
    #####: 1293:      discardCard(handPos, currentPlayer, state, 1);		
    #####: 1294:      return 0;
        -: 1295:		
        -: 1296:    case outpost:
        -: 1297:        //(struct gameState *state, int handPos, int currentPlayer)
    #####: 1298:        return outpost_function(state, handPos, currentPlayer);
        -: 1299:        /*
        -: 1300:      //set outpost flag
        -: 1301:      state->outpostPlayed++;
        -: 1302:			
        -: 1303:      //discard card
        -: 1304:      discardCard(handPos, currentPlayer, state, 0);
        -: 1305:         */
        -: 1306:		
        -: 1307:    case salvager:
        -: 1308:      //+1 buy
    #####: 1309:      state->numBuys++;
        -: 1310:			
    #####: 1311:      if (choice1)
branch  0 never executed
branch  1 never executed
        -: 1312:	{
        -: 1313:	  //gain coins equal to trashed card
    #####: 1314:	  state->coins = state->coins + getCost( handCard(choice1, state) );
        -: 1315:	  //trash card
    #####: 1316:	  discardCard(choice1, currentPlayer, state, 1);	
    #####: 1317:	}
        -: 1318:			
        -: 1319:      //discard card
    #####: 1320:      discardCard(handPos, currentPlayer, state, 0);
    #####: 1321:      return 0;
        -: 1322:		
        -: 1323:    case sea_hag:
    #####: 1324:      for (i = 0; i < state->numPlayers; i++){
branch  0 never executed
branch  1 never executed
    #####: 1325:	if (i != currentPlayer){
branch  0 never executed
branch  1 never executed
    #####: 1326:	  state->discard[i][state->discardCount[i]] = state->deck[i][state->deckCount[i]--];			    state->deckCount[i]--;
    #####: 1327:	  state->discardCount[i]++;
    #####: 1328:	  state->deck[i][state->deckCount[i]--] = curse;//Top card now a curse
    #####: 1329:	}
    #####: 1330:      }
    #####: 1331:      return 0;
        -: 1332:		
        -: 1333:    case treasure_map:
        -: 1334:        //(struct gameState *state, int index, int i, int currentPlayer, int handPos)
    #####: 1335:        return treasure_map_function(state, index, i, currentPlayer, handPos);
        -: 1336:        /*
        -: 1337:      //search hand for another treasure_map
        -: 1338:      index = -1;
        -: 1339:      for (i = 0; i < state->handCount[currentPlayer]; i++)
        -: 1340:	{
        -: 1341:	  if (state->hand[currentPlayer][i] == treasure_map && i != handPos)
        -: 1342:	    {
        -: 1343:	      index = i;
        -: 1344:	      break;
        -: 1345:	    }
        -: 1346:	}
        -: 1347:      if (index > -1)
        -: 1348:	{
        -: 1349:	  //trash both treasure cards
        -: 1350:	  discardCard(handPos, currentPlayer, state, 1);
        -: 1351:	  discardCard(index, currentPlayer, state, 1);
        -: 1352:
        -: 1353:	  //gain 4 Gold cards
        -: 1354:	  for (i = 0; i < 4; i++)
        -: 1355:	    {
        -: 1356:	      gainCard(gold, state, 1, currentPlayer);
        -: 1357:	    }
        -: 1358:				
        -: 1359:	  //return success
        -: 1360:	  return 1;
        -: 1361:	}
        -: 1362:			
        -: 1363:      //no second treasure_map found in hand
        -: 1364:      return -1;
        -: 1365:         */
        -: 1366:    }
        -: 1367:	
    #####: 1368:  return -1;
     3000: 1369:}
        -: 1370:
function discardCard called 2000 returned 100% blocks executed 80%
        -: 1371:int discardCard(int handPos, int currentPlayer, struct gameState *state, int trashFlag)
        -: 1372:{
        -: 1373:	
        -: 1374:  //if card is not trashed, added to Played pile 
     2000: 1375:  if (trashFlag < 1)
branch  0 taken 100%
branch  1 taken 0%
        -: 1376:    {
        -: 1377:      //add card to played pile
     2000: 1378:      state->playedCards[state->playedCardCount] = state->hand[currentPlayer][handPos]; 
     2000: 1379:      state->playedCardCount++;
     2000: 1380:    }
        -: 1381:	
        -: 1382:  //set played card to -1
     2000: 1383:  state->hand[currentPlayer][handPos] = -1;
        -: 1384:	
        -: 1385:  //remove card from player's hand
     2000: 1386:  if ( handPos == (state->handCount[currentPlayer] - 1) ) 	//last card in hand array is played
branch  0 taken 0%
branch  1 taken 100%
        -: 1387:    {
        -: 1388:      //reduce number of cards in hand
    #####: 1389:      state->handCount[currentPlayer]--;
    #####: 1390:    }
     2000: 1391:  else if ( state->handCount[currentPlayer] == 1 ) //only one card in hand
branch  0 taken 0%
branch  1 taken 100%
        -: 1392:    {
        -: 1393:      //reduce number of cards in hand
    #####: 1394:      state->handCount[currentPlayer]--;
    #####: 1395:    }
        -: 1396:  else 	
        -: 1397:    {
        -: 1398:      //replace discarded card with last card in hand
     2000: 1399:      state->hand[currentPlayer][handPos] = state->hand[currentPlayer][ (state->handCount[currentPlayer] - 1)];
        -: 1400:      //set last card to -1
     2000: 1401:      state->hand[currentPlayer][state->handCount[currentPlayer] - 1] = -1;
        -: 1402:      //reduce number of cards in hand
     2000: 1403:      state->handCount[currentPlayer]--;
        -: 1404:    }
        -: 1405:	
     2000: 1406:  return 0;
        -: 1407:}
        -: 1408:
function gainCard called 0 returned 0% blocks executed 0%
        -: 1409:int gainCard(int supplyPos, struct gameState *state, int toFlag, int player)
        -: 1410:{
        -: 1411:  //Note: supplyPos is enum of choosen card
        -: 1412:	
        -: 1413:  //check if supply pile is empty (0) or card is not used in game (-1)
    #####: 1414:  if ( supplyCount(supplyPos, state) < 1 )
branch  0 never executed
branch  1 never executed
        -: 1415:    {
    #####: 1416:      return -1;
        -: 1417:    }
        -: 1418:	
        -: 1419:  //added card for [whoseTurn] current player:
        -: 1420:  // toFlag = 0 : add to discard
        -: 1421:  // toFlag = 1 : add to deck
        -: 1422:  // toFlag = 2 : add to hand
        -: 1423:
    #####: 1424:  if (toFlag == 1)
branch  0 never executed
branch  1 never executed
        -: 1425:    {
    #####: 1426:      state->deck[ player ][ state->deckCount[player] ] = supplyPos;
    #####: 1427:      state->deckCount[player]++;
    #####: 1428:    }
    #####: 1429:  else if (toFlag == 2)
branch  0 never executed
branch  1 never executed
        -: 1430:    {
    #####: 1431:      state->hand[ player ][ state->handCount[player] ] = supplyPos;
    #####: 1432:      state->handCount[player]++;
    #####: 1433:    }
        -: 1434:  else
        -: 1435:    {
    #####: 1436:      state->discard[player][ state->discardCount[player] ] = supplyPos;
    #####: 1437:      state->discardCount[player]++;
        -: 1438:    }
        -: 1439:	
        -: 1440:  //decrease number in supply pile
    #####: 1441:  state->supplyCount[supplyPos]--;
        -: 1442:	 
    #####: 1443:  return 0;
    #####: 1444:}
        -: 1445:
function updateCoins called 3000 returned 100% blocks executed 85%
        -: 1446:int updateCoins(int player, struct gameState *state, int bonus)
        -: 1447:{
        -: 1448:  int i;
        -: 1449:	
        -: 1450:  //reset coin count
     3000: 1451:  state->coins = 0;
        -: 1452:
        -: 1453:  //add coins for each Treasure card in player's hand
    36000: 1454:  for (i = 0; i < state->handCount[player]; i++)
branch  0 taken 83%
branch  1 taken 17%
        -: 1455:    {
    15000: 1456:      if (state->hand[player][i] == copper)
branch  0 taken 78%
branch  1 taken 22%
        -: 1457:	{
    11672: 1458:	  state->coins += 1;
    11672: 1459:	}
     3328: 1460:      else if (state->hand[player][i] == silver)
branch  0 taken 0%
branch  1 taken 100%
        -: 1461:	{
    #####: 1462:	  state->coins += 2;
    #####: 1463:	}
     3328: 1464:      else if (state->hand[player][i] == gold)
branch  0 taken 0%
branch  1 taken 100%
        -: 1465:	{
    #####: 1466:	  state->coins += 3;
    #####: 1467:	}	
    15000: 1468:    }	
        -: 1469:
        -: 1470:  //add bonus
     3000: 1471:  state->coins += bonus;
        -: 1472:
     3000: 1473:  return 0;
        -: 1474:}
        -: 1475:
        -: 1476:
        -: 1477://end of dominion.c
        -: 1478:
